http://regalbuyer.com/smart-phones-in-nigeria.html
http://www.kaymu.com.ng/mobile-phones-tablets/mobile-phones/
http://www.kara.com.ng/phones-and-tablets.html
http://www.jumia.com.ng/all-brands/
http://www.kara.com.ng/phones-and-tablets/gionee-phones
http://www.kara.com.ng/phones-and-tablets/htc-phones
http://www.kara.com.ng/phones-and-tablets/huawei-phones
http://www.kara.com.ng/phones-and-tablets/lenovo-mobile
http://www.kara.com.ng/phones-and-tablets/sony-xperia
http://www.kara.com.ng/phones-and-tablets/lg-mobile
http://www.kara.com.ng/phones-and-tablets/nokia-phones
http://www.kara.com.ng/phones-and-tablets/infinix-smart-phones
http://www.kara.com.ng/phones-and-tablets/samsung-galaxy
http://www.kara.com.ng/phones-and-tablets/apple-iphones
http://www.kara.com.ng/phones-and-tablets/tecno-phones
http://www.kara.com.ng/phones-and-tablets/blackberry-phones
http://www.kara.com.ng/phones-and-tablets/motorola-phones
http://regalbuyer.com/smart-phones-in-nigeria/samsung-phones.html
http://regalbuyer.com/smart-phones-in-nigeria/blackberry-phones.html
http://regalbuyer.com/smart-phones-in-nigeria/htc.html
http://regalbuyer.com/smart-phones-in-nigeria/nokia.html
http://regalbuyer.com/smart-phones-in-nigeria/apple.html
http://regalbuyer.com/smart-phones-in-nigeria/tecno-phones.html
http://regalbuyer.com/smart-phones-in-nigeria/sony.html
http://regalbuyer.com/smart-phones-in-nigeria/infinix.html
http://regalbuyer.com/smart-phones-in-nigeria/lg-mobile.html
http://regalbuyer.com/smart-phones-in-nigeria/gionee.html
http://regalbuyer.com/smart-phones-in-nigeria/be.html
http://regalbuyer.com/smart-phones-in-nigeria/huawei-phones.html
http://www.jumia.com.ng/all-brands/tecno/
http://www.jumia.com.ng/all-brands/nokia/
http://www.jumia.com.ng/all-brands/blackberry/
http://www.jumia.com.ng/all-brands/lg/
http://www.jumia.com.ng/all-brands/samsung/
http://www.jumia.com.ng/all-brands/microsoft/
http://www.jumia.com.ng/all-brands/htc/
http://www.jumia.com.ng/all-brands/sony/
http://www.jumia.com.ng/all-brands/apple/
http://www.jumia.com.ng/all-brands/gionee/
http://www.jumia.com.ng/all-brands/lenovo/
http://www.jumia.com.ng/all-brands/grandstream/
http://www.jumia.com.ng/all-brands/wiko/
http://www.jumia.com.ng/all-brands/innjoo/
http://www.jumia.com.ng/all-brands/infinix/
http://www.jumia.com.ng/all-brands/fly/
http://www.jumia.com.ng/all-brands/huawei/
http://www.jumia.com.ng/all-brands/bluegate/
http://www.jumia.com.ng/all-brands/xtouch/
http://www.jumia.com.ng/all-brands/imose/
http://www.jumia.com.ng/all-brands/power-bank/
http://www.jumia.com.ng/all-brands/solo/
http://www.jumia.com.ng/all-brands/motorola/
http://www.jumia.com.ng/all-brands/mtn/
http://www.jumia.com.ng/all-brands/elephone/
http://www.jumia.com.ng/all-brands/opsson/
http://www.jumia.com.ng/all-brands/tuoda-mobile/
http://www.jumia.com.ng/all-brands/it-ceo/
http://www.jumia.com.ng/all-brands/be/
http://www.jumia.com.ng/all-brands/prestigio/
http://www.jumia.com.ng/all-brands/sandisk/
http://www.jumia.com.ng/all-brands/g-tide/
http://www.jumia.com.ng/all-brands/advance/
http://www.jumia.com.ng/all-brands/universal/
http://www.jumia.com.ng/all-brands/malata/
http://www.jumia.com.ng/all-brands/zgpax/
http://www.jumia.com.ng/all-brands/asus/
http://www.jumia.com.ng/all-brands/archos/
http://www.jumia.com.ng/all-brands/hp/
http://www.jumia.com.ng/all-brands/helicam/
http://www.kara.com.ng/phones-and-tablets/gionee-phones?p=1
http://www.kara.com.ng/phones-and-tablets/gionee-phones?p=2
http://www.kara.com.ng/phones-and-tablets/gionee-phones?p=3
http://www.kara.com.ng/phones-and-tablets/tecno-phones?p=1
http://www.kara.com.ng/phones-and-tablets/tecno-phones?p=2
http://www.kara.com.ng/phones-and-tablets/tecno-phones?p=3
http://www.kara.com.ng/phones-and-tablets/tecno-phones?p=4
http://www.kara.com.ng/phones-and-tablets/tecno-phones?p=5
http://www.kara.com.ng/phones-and-tablets/nokia-phones?p=1
http://www.kara.com.ng/phones-and-tablets/nokia-phones?p=2
http://www.kara.com.ng/phones-and-tablets/nokia-phones?p=3
http://www.kara.com.ng/phones-and-tablets/nokia-phones?p=4
http://www.kara.com.ng/phones-and-tablets/nokia-phones?p=5
http://www.kara.com.ng/phones-and-tablets/nokia-phones?p=6
http://www.kara.com.ng/phones-and-tablets/apple-iphones?p=1
http://www.kara.com.ng/phones-and-tablets/apple-iphones?p=2
http://www.kara.com.ng/phones-and-tablets/apple-iphones?p=3
http://www.kara.com.ng/phones-and-tablets/apple-iphones?p=4
http://www.kaymu.com.ng/mobile-phones-tablets/blackberry-phones/
http://www.kaymu.com.ng/mobile-phones-tablets/nokia-phones/
http://www.kaymu.com.ng/mobile-phones-tablets/samsung-phones/
http://www.kaymu.com.ng/mobile-phones-tablets/apple-phones/
http://www.kaymu.com.ng/mobile-phones-tablets/tecno-phones/
http://www.kaymu.com.ng/mobile-phones-tablets/sony-phones/
http://www.kaymu.com.ng/mobile-phones-tablets/motorola-phones/
http://www.kaymu.com.ng/mobile-phones-tablets/htc-phones/
http://www.kaymu.com.ng/mobile-phones-tablets/infinix-phones/
http://www.kaymu.com.ng/mobile-phones-tablets/innjoo-phones/
http://www.kaymu.com.ng/mobile-phones-tablets/huawei-phones/
http://www.kaymu.com.ng/mobile-phones-tablets/other-brands/
http://regalbuyer.com/smart-phones-in-nigeria/infinix.html?p=1
http://www.kara.com.ng/phones-and-tablets/samsung-galaxy?p=1
http://www.kara.com.ng/phones-and-tablets/samsung-galaxy?p=2
http://www.kara.com.ng/phones-and-tablets/samsung-galaxy?p=3
http://www.kara.com.ng/phones-and-tablets/samsung-galaxy?p=4
http://www.kara.com.ng/phones-and-tablets/samsung-galaxy?p=5
http://www.kara.com.ng/phones-and-tablets/samsung-galaxy?p=6
http://www.kara.com.ng/phones-and-tablets/lg-mobile?p=1
http://www.kara.com.ng/phones-and-tablets/lg-mobile?p=2
http://www.kara.com.ng/phones-and-tablets/lg-mobile?p=3
http://www.kara.com.ng/phones-and-tablets/lg-mobile?p=4
http://www.kara.com.ng/phones-and-tablets/lg-mobile?p=5
http://www.kara.com.ng/phones-and-tablets/infinix-smart-phones?p=1
http://www.kara.com.ng/phones-and-tablets/infinix-smart-phones?p=2
http://www.kara.com.ng/phones-and-tablets/infinix-smart-phones?p=3
http://www.kara.com.ng/phones-and-tablets/infinix-smart-phones?p=4
http://regalbuyer.com/smart-phones-in-nigeria/huawei-phones.html?p=1
http://www.kara.com.ng/phones-and-tablets/lenovo-mobile?p=1
http://www.kara.com.ng/phones-and-tablets/lenovo-mobile?p=2
http://www.kara.com.ng/phones-and-tablets/lenovo-mobile?p=3
http://www.kara.com.ng/phones-and-tablets/sony-xperia?p=1
http://www.kara.com.ng/phones-and-tablets/sony-xperia?p=2
http://www.kara.com.ng/phones-and-tablets/sony-xperia?p=3
http://www.kara.com.ng/phones-and-tablets/sony-xperia?p=4
http://www.kara.com.ng/phones-and-tablets/blackberry-phones?p=1
http://www.kara.com.ng/phones-and-tablets/blackberry-phones?p=2
http://www.kara.com.ng/phones-and-tablets/blackberry-phones?p=3
http://www.kara.com.ng/phones-and-tablets/blackberry-phones?p=4
http://www.kara.com.ng/phones-and-tablets/huawei-phones?p=1
http://www.kara.com.ng/phones-and-tablets/huawei-phones?p=2
http://www.kara.com.ng/phones-and-tablets/huawei-phones?p=3
http://www.kara.com.ng/phones-and-tablets/huawei-phones?p=4
http://www.kara.com.ng/phones-and-tablets/htc-phones?p=1
http://www.kara.com.ng/phones-and-tablets/htc-phones?p=2
http://www.kara.com.ng/phones-and-tablets/htc-phones?p=3
http://www.kara.com.ng/phones-and-tablets/htc-phones?p=4
http://www.kaymu.com.ng/other-brands/?page=1
http://www.kaymu.com.ng/other-brands/?page=2
http://www.kaymu.com.ng/other-brands/?page=3
http://www.kaymu.com.ng/other-brands/?page=4
http://www.kaymu.com.ng/other-brands/?page=5
http://www.kaymu.com.ng/other-brands/?page=6
http://www.kaymu.com.ng/other-brands/?page=7
http://www.kaymu.com.ng/other-brands/?page=8
http://www.kaymu.com.ng/other-brands/?page=9
http://www.kaymu.com.ng/other-brands/?page=10
http://www.kaymu.com.ng/other-brands/?page=11
http://www.kaymu.com.ng/other-brands/?page=12
http://www.kaymu.com.ng/other-brands/?page=13
http://www.kaymu.com.ng/other-brands/?page=14
http://www.kaymu.com.ng/other-brands/?page=15
http://www.kaymu.com.ng/other-brands/?page=16
http://www.kaymu.com.ng/other-brands/?page=17
http://www.kaymu.com.ng/huawei-phones/?page=1
http://www.kaymu.com.ng/huawei-phones/?page=2
http://www.kaymu.com.ng/innjoo-phones/?page=1
http://www.kaymu.com.ng/infinix-phones/?page=1
http://www.kaymu.com.ng/infinix-phones/?page=2
http://www.kaymu.com.ng/tecno-phones/?page=1
http://www.kaymu.com.ng/tecno-phones/?page=2
http://www.kaymu.com.ng/tecno-phones/?page=3
http://www.kaymu.com.ng/tecno-phones/?page=4
http://www.kaymu.com.ng/tecno-phones/?page=5
http://www.kaymu.com.ng/tecno-phones/?page=6
http://www.kaymu.com.ng/tecno-phones/?page=7
http://www.kaymu.com.ng/tecno-phones/?page=8
http://www.kaymu.com.ng/tecno-phones/?page=9
http://www.kaymu.com.ng/tecno-phones/?page=10
http://www.kaymu.com.ng/tecno-phones/?page=11
http://www.kaymu.com.ng/tecno-phones/?page=12
http://www.kaymu.com.ng/tecno-phones/?page=13
http://www.kaymu.com.ng/tecno-phones/?page=14
http://www.kaymu.com.ng/tecno-phones/?page=15
http://www.kaymu.com.ng/tecno-phones/?page=16
http://www.kaymu.com.ng/tecno-phones/?page=17
http://www.kaymu.com.ng/tecno-phones/?page=18
http://www.kaymu.com.ng/tecno-phones/?page=19
http://www.kaymu.com.ng/tecno-phones/?page=20
http://www.kaymu.com.ng/tecno-phones/?page=21
http://www.kaymu.com.ng/tecno-phones/?page=22
http://www.kaymu.com.ng/tecno-phones/?page=23
http://www.kaymu.com.ng/sony-phones/?page=1
http://www.kaymu.com.ng/sony-phones/?page=2
http://www.kaymu.com.ng/sony-phones/?page=3
http://www.kaymu.com.ng/sony-phones/?page=4
http://www.kaymu.com.ng/apple-phones/?page=1
http://www.kaymu.com.ng/apple-phones/?page=2
http://www.kaymu.com.ng/apple-phones/?page=3
http://www.kaymu.com.ng/apple-phones/?page=4
http://www.kaymu.com.ng/apple-phones/?page=5
http://www.kaymu.com.ng/apple-phones/?page=6
http://www.kaymu.com.ng/apple-phones/?page=7
http://www.kaymu.com.ng/apple-phones/?page=8
http://www.kaymu.com.ng/apple-phones/?page=9
http://www.kaymu.com.ng/htc-phones/?page=1
http://www.kaymu.com.ng/htc-phones/?page=2
http://www.kaymu.com.ng/htc-phones/?page=3
http://www.kaymu.com.ng/htc-phones/?page=4
http://www.kaymu.com.ng/htc-phones/?page=5
http://www.kaymu.com.ng/htc-phones/?page=6
http://www.kaymu.com.ng/motorola-phones/?page=1
http://www.kaymu.com.ng/samsung-phones/?page=1
http://www.kaymu.com.ng/samsung-phones/?page=2
http://www.kaymu.com.ng/samsung-phones/?page=3
http://www.kaymu.com.ng/samsung-phones/?page=4
http://www.kaymu.com.ng/samsung-phones/?page=5
http://www.kaymu.com.ng/samsung-phones/?page=6
http://www.kaymu.com.ng/samsung-phones/?page=7
http://www.kaymu.com.ng/samsung-phones/?page=8
http://www.kaymu.com.ng/samsung-phones/?page=9
http://www.kaymu.com.ng/samsung-phones/?page=10
http://www.kaymu.com.ng/samsung-phones/?page=11
http://www.kaymu.com.ng/samsung-phones/?page=12
http://www.kaymu.com.ng/samsung-phones/?page=13
http://www.kaymu.com.ng/samsung-phones/?page=14
http://www.kaymu.com.ng/samsung-phones/?page=15
http://www.kaymu.com.ng/samsung-phones/?page=16
http://www.kaymu.com.ng/samsung-phones/?page=17
http://www.kaymu.com.ng/nokia-phones/?page=1
http://www.kaymu.com.ng/nokia-phones/?page=2
http://www.kaymu.com.ng/nokia-phones/?page=3
http://www.kaymu.com.ng/nokia-phones/?page=4
http://www.kaymu.com.ng/nokia-phones/?page=5
http://www.kaymu.com.ng/nokia-phones/?page=6
http://www.kaymu.com.ng/nokia-phones/?page=7
http://www.kaymu.com.ng/nokia-phones/?page=8
http://www.kaymu.com.ng/nokia-phones/?page=9
http://www.kaymu.com.ng/nokia-phones/?page=10
http://www.kaymu.com.ng/nokia-phones/?page=11
http://www.kaymu.com.ng/nokia-phones/?page=12
http://www.kaymu.com.ng/nokia-phones/?page=13
http://www.kaymu.com.ng/nokia-phones/?page=14
http://www.kaymu.com.ng/blackberry-phones/?page=1
http://www.kaymu.com.ng/blackberry-phones/?page=2
http://www.kaymu.com.ng/blackberry-phones/?page=3
http://www.kaymu.com.ng/blackberry-phones/?page=4
http://www.kaymu.com.ng/blackberry-phones/?page=5
http://www.kaymu.com.ng/blackberry-phones/?page=6
http://www.kaymu.com.ng/blackberry-phones/?page=7
http://www.kaymu.com.ng/blackberry-phones/?page=8
http://www.kaymu.com.ng/blackberry-phones/?page=9
http://www.kaymu.com.ng/blackberry-phones/?page=10
http://www.kaymu.com.ng/blackberry-phones/?page=11
http://www.kaymu.com.ng/blackberry-phones/?page=12
http://www.kaymu.com.ng/blackberry-phones/?page=13
http://www.kaymu.com.ng/blackberry-phones/?page=14
http://www.kaymu.com.ng/blackberry-phones/?page=15
http://www.kaymu.com.ng/blackberry-phones/?page=16
http://www.kaymu.com.ng/blackberry-phones/?page=17
http://www.kaymu.com.ng/blackberry-phones/?page=18
http://www.kaymu.com.ng/blackberry-phones/?page=19
http://www.kaymu.com.ng/blackberry-phones/?page=20
http://www.kaymu.com.ng/blackberry-phones/?page=21
http://www.kaymu.com.ng/blackberry-phones/?page=22
http://www.jumia.com.ng/all-brands/hp/?page=1
http://www.jumia.com.ng/all-brands/asus/?page=1
http://www.jumia.com.ng/all-brands/archos/?page=1
http://www.jumia.com.ng/all-brands/universal/?page=1
http://www.jumia.com.ng/all-brands/advance/?page=1
http://www.jumia.com.ng/all-brands/zgpax/?page=1
http://www.jumia.com.ng/all-brands/g-tide/?page=1
http://www.jumia.com.ng/all-brands/malata/?page=1
http://www.jumia.com.ng/all-brands/prestigio/?page=1
http://www.jumia.com.ng/all-brands/be/?page=1
http://www.jumia.com.ng/all-brands/sandisk/?page=1
http://www.jumia.com.ng/all-brands/tuoda-mobile/?page=1
http://www.jumia.com.ng/all-brands/opsson/?page=1
http://www.jumia.com.ng/all-brands/elephone/?page=1
http://www.jumia.com.ng/all-brands/mtn/?page=1
http://www.jumia.com.ng/all-brands/it-ceo/?page=1
http://www.jumia.com.ng/all-brands/motorola/?page=1
http://www.jumia.com.ng/all-brands/solo/?page=1
http://www.jumia.com.ng/all-brands/power-bank/?page=1
http://www.jumia.com.ng/all-brands/xtouch/?page=1
http://www.jumia.com.ng/all-brands/bluegate/?page=1
http://www.jumia.com.ng/all-brands/imose/?page=1
http://www.jumia.com.ng/all-brands/fly/?page=1
http://www.jumia.com.ng/all-brands/huawei/?page=1
http://www.jumia.com.ng/all-brands/infinix/?page=1
http://www.jumia.com.ng/all-brands/grandstream/?page=1
http://www.jumia.com.ng/all-brands/wiko/?page=1
http://www.jumia.com.ng/all-brands/innjoo/?page=1
http://www.jumia.com.ng/all-brands/lenovo/?page=1
http://www.jumia.com.ng/all-brands/gionee/?page=1
http://www.jumia.com.ng/all-brands/htc/?page=1
http://www.jumia.com.ng/all-brands/sony/?page=1
http://www.jumia.com.ng/all-brands/microsoft/?page=1
http://www.jumia.com.ng/all-brands/apple/?page=1
http://www.jumia.com.ng/all-brands/samsung/?page=1
http://regalbuyer.com/smart-phones-in-nigeria/be.html?p=1
http://regalbuyer.com/smart-phones-in-nigeria/gionee.html?p=1
http://www.jumia.com.ng/all-brands/lg/?page=1
http://www.jumia.com.ng/all-brands/nokia/?page=1
http://regalbuyer.com/smart-phones-in-nigeria/lg-mobile.html?p=1
http://www.jumia.com.ng/all-brands/tecno/?page=1
http://www.jumia.com.ng/all-brands/tecno/?page=2
http://regalbuyer.com/smart-phones-in-nigeria/sony.html?p=1
http://regalbuyer.com/smart-phones-in-nigeria/sony.html?p=2
http://www.jumia.com.ng/all-brands/blackberry/?page=1
http://regalbuyer.com/smart-phones-in-nigeria/htc.html?p=1
http://regalbuyer.com/smart-phones-in-nigeria/htc.html?p=2
http://regalbuyer.com/smart-phones-in-nigeria/tecno-phones.html?p=1
http://regalbuyer.com/smart-phones-in-nigeria/tecno-phones.html?p=2
http://regalbuyer.com/smart-phones-in-nigeria/apple.html?p=1
http://regalbuyer.com/smart-phones-in-nigeria/apple.html?p=2
http://regalbuyer.com/smart-phones-in-nigeria/nokia.html?p=1
http://regalbuyer.com/smart-phones-in-nigeria/nokia.html?p=2
http://regalbuyer.com/smart-phones-in-nigeria/blackberry-phones.html?p=1
http://regalbuyer.com/smart-phones-in-nigeria/blackberry-phones.html?p=2
http://regalbuyer.com/smart-phones-in-nigeria/samsung-phones.html?p=1
http://regalbuyer.com/smart-phones-in-nigeria/samsung-phones.html?p=2
http://regalbuyer.com/smart-phones-in-nigeria/samsung-phones.html?p=3
