http://regalbuyer.com/smart-phones-in-nigeria.html
http://www.kaymu.com.ng/mobile-phones-tablets/mobile-phones/
http://www.kara.com.ng/phones-and-tablets.html
http://www.jumia.com.ng/all-brands/
http://www.jumia.com.ng/all-brands/tecno/
http://www.jumia.com.ng/all-brands/nokia/
http://www.jumia.com.ng/all-brands/blackberry/
http://www.jumia.com.ng/all-brands/lg/
http://www.jumia.com.ng/all-brands/samsung/
http://www.jumia.com.ng/all-brands/microsoft/
http://www.jumia.com.ng/all-brands/htc/
http://www.jumia.com.ng/all-brands/sony/
http://www.jumia.com.ng/all-brands/apple/
http://regalbuyer.com/smart-phones-in-nigeria/samsung-phones.html
http://regalbuyer.com/smart-phones-in-nigeria/blackberry-phones.html
http://regalbuyer.com/smart-phones-in-nigeria/htc.html
http://regalbuyer.com/smart-phones-in-nigeria/nokia.html
http://www.jumia.com.ng/all-brands/gionee/
http://www.jumia.com.ng/all-brands/lenovo/
http://www.jumia.com.ng/all-brands/grandstream/
http://www.jumia.com.ng/all-brands/wiko/
http://www.jumia.com.ng/all-brands/innjoo/
http://www.jumia.com.ng/all-brands/infinix/
http://regalbuyer.com/smart-phones-in-nigeria/apple.html
http://regalbuyer.com/smart-phones-in-nigeria/tecno-phones.html
http://regalbuyer.com/smart-phones-in-nigeria/sony.html
http://regalbuyer.com/smart-phones-in-nigeria/infinix.html
http://regalbuyer.com/smart-phones-in-nigeria/lg-mobile.html
http://regalbuyer.com/smart-phones-in-nigeria/gionee.html
http://regalbuyer.com/smart-phones-in-nigeria/be.html
http://regalbuyer.com/smart-phones-in-nigeria/huawei-phones.html
http://www.jumia.com.ng/all-brands/fly/
http://www.jumia.com.ng/all-brands/huawei/
http://www.jumia.com.ng/all-brands/bluegate/
http://www.jumia.com.ng/all-brands/xtouch/
http://www.jumia.com.ng/all-brands/imose/
http://www.jumia.com.ng/all-brands/power-bank/
http://www.jumia.com.ng/all-brands/solo/
http://www.jumia.com.ng/all-brands/motorola/
http://www.jumia.com.ng/all-brands/mtn/
http://www.jumia.com.ng/all-brands/elephone/
http://www.jumia.com.ng/all-brands/opsson/
http://www.jumia.com.ng/all-brands/tuoda-mobile/
http://www.jumia.com.ng/all-brands/it-ceo/
http://www.jumia.com.ng/all-brands/be/
http://www.jumia.com.ng/all-brands/prestigio/
http://www.jumia.com.ng/all-brands/sandisk/
http://www.jumia.com.ng/all-brands/g-tide/
http://www.jumia.com.ng/all-brands/advance/
http://www.jumia.com.ng/all-brands/universal/
http://www.jumia.com.ng/all-brands/malata/
http://www.jumia.com.ng/all-brands/zgpax/
http://www.jumia.com.ng/all-brands/asus/
http://www.jumia.com.ng/all-brands/archos/
http://www.jumia.com.ng/all-brands/hp/
http://www.jumia.com.ng/all-brands/helicam/
http://www.kaymu.com.ng/mobile-phones-tablets/blackberry-phones/
http://www.kaymu.com.ng/mobile-phones-tablets/nokia-phones/
http://www.kaymu.com.ng/mobile-phones-tablets/samsung-phones/
http://www.kaymu.com.ng/mobile-phones-tablets/apple-phones/
http://www.kaymu.com.ng/mobile-phones-tablets/tecno-phones/
http://www.kaymu.com.ng/mobile-phones-tablets/sony-phones/
http://www.kaymu.com.ng/mobile-phones-tablets/motorola-phones/
http://www.kaymu.com.ng/mobile-phones-tablets/htc-phones/
http://www.kaymu.com.ng/mobile-phones-tablets/infinix-phones/
http://www.kaymu.com.ng/mobile-phones-tablets/innjoo-phones/
http://www.kaymu.com.ng/mobile-phones-tablets/huawei-phones/
http://www.kaymu.com.ng/mobile-phones-tablets/other-brands/
http://www.kara.com.ng/phones-and-tablets/gionee-phones
http://www.kara.com.ng/phones-and-tablets/htc-phones
http://www.kara.com.ng/phones-and-tablets/huawei-phones
http://www.kara.com.ng/phones-and-tablets/lenovo-mobile
http://www.kara.com.ng/phones-and-tablets/sony-xperia
http://www.kara.com.ng/phones-and-tablets/lg-mobile
http://www.kara.com.ng/phones-and-tablets/nokia-phones
http://www.kara.com.ng/phones-and-tablets/infinix-smart-phones
http://www.kara.com.ng/phones-and-tablets/samsung-galaxy
http://www.kara.com.ng/phones-and-tablets/apple-iphones
http://www.kara.com.ng/phones-and-tablets/tecno-phones
http://www.kara.com.ng/phones-and-tablets/blackberry-phones
http://www.kara.com.ng/phones-and-tablets/motorola-